2023-01-04 18:34:55.943 - DBeaver 22.3.1.202212251901 is starting
2023-01-04 18:34:55.944 - OS: Windows 10 10.0 (amd64)
2023-01-04 18:34:55.944 - Java version: 11.0.12 by Eclipse Foundation (64bit)
2023-01-04 18:34:55.944 - Install path: 'C:\springframework_hds\resource\dbeaver-ce-22.3.1-win32.win32.x86_64\dbeaver'
2023-01-04 18:34:55.944 - Instance path: 'file:/C:/springframework_hds/workspace/script/'
2023-01-04 18:34:55.944 - Memory available 64Mb/1024Mb
2023-01-04 18:34:55.955 - Create display
> Start Eclipse IDE UI [org.eclipse.ui.ide 3.20.0.v20221027-2208]
2023-01-04 18:34:56.059 - Initializing DBeaver 22.3.1
2023-01-04 18:34:56.060 - Host plugin: org.jkiss.dbeaver.ui.app.standalone 22.3.1.202212251901
2023-01-04 18:34:56.060 - Initialize desktop platform...
2023-01-04 18:34:56.176 - BounceCastle bundle found. Use JCE provider BC
> Start Core File Systems [org.eclipse.core.filesystem 1.9.500.v20220817-1539]
> Start Core Resource Management [org.eclipse.core.resources 3.18.100.v20221025-2047]
> Start 팀 지원 핵심 [org.eclipse.team.core 3.9.600.v20220902-2219]
> Start DBeaver UI Navigator [org.jkiss.dbeaver.ui.navigator 1.0.96.202212251901]
2023-01-04 18:34:56.575 - 
2023-01-04 18:34:56.575 - 	Refreshing workspace.
2023-01-04 18:34:56.576 - Refreshing workspace contents
2023-01-04 18:34:56.646 - Initialize base platform...
> Start Expression Language [org.eclipse.core.expressions 3.8.200.v20220613-1047]
2023-01-04 18:34:56.661 - Platform initialized (600ms)
> Start DBeaver UI Editors - Base [org.jkiss.dbeaver.ui.editors.base 1.0.96.202212251901]
2023-01-04 18:34:56.664 - Starting RMI server at 60152
2023-01-04 18:34:56.691 - Run workbench
> Start Eclipse e4 작업영역 SWT [org.eclipse.e4.ui.workbench.swt 0.16.700.v20221024-2137]
> Start Eclipse Application Services [org.eclipse.e4.core.services 2.3.400.v20220915-1347]
> Start Eclipse UI Application Services [org.eclipse.e4.ui.services 1.5.100.v20221024-2137]
> Start Eclipse e4 Progress View [org.eclipse.e4.ui.progress 0.3.600.v20221024-2137]
> Start EMF XML/XMI Persistence [org.eclipse.emf.ecore.xmi 2.17.0.v20220817-1334]
> Start Eclipse CSS SWT Theme Support [org.eclipse.e4.ui.css.swt.theme 0.13.200.v20221024-2137]
> Start Eclipse e4 작업영역 기능 추가 [org.eclipse.e4.ui.workbench.addons.swt 1.4.500.v20221028-0801]
> Start Eclipse e4 작업영역 SWT 렌더러 [org.eclipse.e4.ui.workbench.renderers.swt 0.15.700.v20221024-2137]
> Start Eclipse Bindings Support [org.eclipse.e4.ui.bindings 0.13.200.v20221024-2137]
> Start Eclipse Dependency Injection Extensions [org.eclipse.e4.core.di.extensions 0.17.200.v20220613-1008]
> Start Eclipse CSS SWT Support [org.eclipse.e4.ui.css.swt 0.14.700.v20221102-0748]
> Start DBeaver UI [org.jkiss.dbeaver.ui 5.1.111.202212251901]
> Start Java Native Access [com.sun.jna 5.12.1.v20221103-2317]
Warning: NLS unused message: BlockedJobsDialog_UserInterfaceTreeElement in: org.eclipse.ui.internal.progress.messages
2023-01-04 18:34:57.602 - Configure workbench window
> Start 도움말 시스템 코어 [org.eclipse.help 3.9.100.v20210721-0601]
2023-01-04 18:34:57.676 - Create actions
2023-01-04 18:34:57.683 - Disable Eclipse action set 'org.eclipse.ui.edit.text.actionSet.annotationNavigation'
2023-01-04 18:34:57.683 - Disable Eclipse action set 'org.eclipse.ui.WorkingSetActionSet'
2023-01-04 18:34:57.684 - Disable Eclipse action set 'org.eclipse.ui.actionSet.openFiles'
Warning: NLS unused message: actions_menu_reset_ui_settings_title in: org.jkiss.dbeaver.ui.app.standalone.internal.CoreApplicationMessages
Warning: NLS unused message: actions_menu_reset_ui_settings_message in: org.jkiss.dbeaver.ui.app.standalone.internal.CoreApplicationMessages
2023-01-04 18:34:58.229 - Initialize workbench window
2023-01-04 18:34:58.232 - Finish initialization
> Start DBeaver UI Editors - Data [org.jkiss.dbeaver.ui.editors.data 1.0.96.202212251901]
> Start Equinox Java Authentication and Authorization Service (JAAS) [org.eclipse.equinox.security 1.3.1000.v20220801-1135]
> Start 인터넷 연결 관리 사용자 인터페이스 [org.eclipse.ui.net 1.4.100.v20220812-1406]
> Start Internet Connection Management [org.eclipse.core.net 1.4.0.v20220813-1037]
> Start Draw2d [org.eclipse.draw2dl 3.12.100.20221221122425]
> Start GEF3 GEF (MVC) [org.eclipse.gef3 3.12.100.20221221122425]
> Start DBeaver ERD UI [org.jkiss.dbeaver.erd.ui 3.0.56.202212251901]
> Start DBeaver ERD Model [org.jkiss.dbeaver.erd.model 1.0.56.202212251901]
> Start DBeaver SQL Model [org.jkiss.dbeaver.model.sql 1.0.86.202212251901]
Warning: NLS unused message: actions_navigator__objects in: org.jkiss.dbeaver.ui.editors.sql.internal.SQLEditorMessages
> Start DBeaver UI Editors - SQL [org.jkiss.dbeaver.ui.editors.sql 1.0.96.202212251901]
2023-01-04 18:34:58.601 - Total database drivers: 101 (101)
> Start 기본 문서 편집기 [org.eclipse.ui.editors 3.14.400.v20220730-1844]
> Start 텍스트 편집기 프레임워크 [org.eclipse.ui.workbench.texteditor 3.16.600.v20220809-1658]
> Start DBeaver Sample Database [org.jkiss.dbeaver.ext.sample.database 1.0.133.202212251901]
> Start DBeaver Tip of the day [org.jkiss.dbeaver.ext.ui.tipoftheday 1.0.102.202212251901]
> Start DBeaver UI Editors - Connections [org.jkiss.dbeaver.ui.editors.connection 1.0.87.202212251901]
2023-01-04 18:35:01.377 - Open [https://dbeaver.io/product/version.xml]
> Start DBeaver Oracle UI [org.jkiss.dbeaver.ext.oracle.ui 1.0.83.202212251901]
> Start DBeaver Oracle Support [org.jkiss.dbeaver.ext.oracle 2.1.181.202212251901]
2023-01-04 18:37:15.242 - Auth model 'native' was replaced by 'oracle_native'
2023-01-04 18:37:15.252 - Service 'org.jkiss.dbeaver.runtime.ui.UIServiceSecurity' not found
2023-01-04 18:37:51.818 - Connect with 'jdbc:oracle:thin:@//localhost:1521/XE' (oracle_thin-1857c24e8b7-469caa5e4435af27)
2023-01-04 18:37:51.857 - Execution context opened (jdbc:oracle:thin:@//localhost:1521/XE; Main; 0)
2023-01-04 18:37:51.964 - Open [https://repo1.maven.org/maven2/com/oracle/database/jdbc/ojdbc8/12.2.0.1/ojdbc8-12.2.0.1.pom]
2023-01-04 18:37:52.548 - Open [https://repo1.maven.org/maven2/com/oracle/database/jdbc/ucp/12.2.0.1/ucp-12.2.0.1.pom]
2023-01-04 18:37:52.690 - Open [https://repo1.maven.org/maven2/com/oracle/database/security/oraclepki/12.2.0.1/oraclepki-12.2.0.1.pom]
2023-01-04 18:37:52.836 - Open [https://repo1.maven.org/maven2/com/oracle/database/security/osdt_cert/12.2.0.1/osdt_cert-12.2.0.1.pom]
2023-01-04 18:37:52.980 - Open [https://repo1.maven.org/maven2/com/oracle/database/security/osdt_core/12.2.0.1/osdt_core-12.2.0.1.pom]
2023-01-04 18:37:53.134 - Open [https://repo1.maven.org/maven2/com/oracle/database/ha/simplefan/12.2.0.1/simplefan-12.2.0.1.pom]
2023-01-04 18:37:53.288 - Open [https://repo1.maven.org/maven2/com/oracle/database/ha/ons/12.2.0.1/ons-12.2.0.1.pom]
2023-01-04 18:37:53.439 - Open [https://repo1.maven.org/maven2/com/oracle/database/nls/orai18n/12.2.0.1/orai18n-12.2.0.1.pom]
2023-01-04 18:37:53.584 - Open [https://repo1.maven.org/maven2/com/oracle/database/xml/xdb6/12.2.0.1/xdb6-12.2.0.1.pom]
2023-01-04 18:37:53.728 - Open [https://repo1.maven.org/maven2/com/oracle/database/xml/xmlparserv2/12.2.0.1/xmlparserv2-12.2.0.1.pom]
2023-01-04 18:38:01.126 - Connection failed (oracle_thin-1857c24e8b7-469caa5e4435af27)
org.jkiss.dbeaver.model.exec.DBCConnectException: Can't create driver instance
	at org.jkiss.dbeaver.model.impl.jdbc.JDBCDataSource.openConnection(JDBCDataSource.java:176)
	at org.jkiss.dbeaver.ext.oracle.model.OracleDataSource.openConnection(OracleDataSource.java:172)
	at org.jkiss.dbeaver.model.impl.jdbc.JDBCExecutionContext.connect(JDBCExecutionContext.java:103)
	at org.jkiss.dbeaver.model.impl.jdbc.JDBCRemoteInstance.initializeMainContext(JDBCRemoteInstance.java:102)
	at org.jkiss.dbeaver.model.impl.jdbc.JDBCRemoteInstance.<init>(JDBCRemoteInstance.java:61)
	at org.jkiss.dbeaver.model.impl.jdbc.JDBCDataSource.initializeRemoteInstance(JDBCDataSource.java:128)
	at org.jkiss.dbeaver.model.impl.jdbc.JDBCDataSource.<init>(JDBCDataSource.java:106)
	at org.jkiss.dbeaver.model.impl.jdbc.JDBCDataSource.<init>(JDBCDataSource.java:97)
	at org.jkiss.dbeaver.ext.oracle.model.OracleDataSource.<init>(OracleDataSource.java:90)
	at org.jkiss.dbeaver.ext.oracle.OracleDataSourceProvider.openDataSource(OracleDataSourceProvider.java:147)
	at org.jkiss.dbeaver.registry.DataSourceDescriptor.openDataSource(DataSourceDescriptor.java:1159)
	at org.jkiss.dbeaver.registry.DataSourceDescriptor.connect(DataSourceDescriptor.java:1028)
	at org.jkiss.dbeaver.runtime.jobs.ConnectJob.run(ConnectJob.java:70)
	at org.jkiss.dbeaver.runtime.jobs.ConnectionTestJob.run(ConnectionTestJob.java:103)
	at org.jkiss.dbeaver.model.runtime.AbstractJob.run(AbstractJob.java:105)
	at org.eclipse.core.internal.jobs.Worker.run(Worker.java:63)
Caused by: org.jkiss.dbeaver.DBException: Error creating driver 'Oracle' instance.
Most likely required jar files are missing.
You should configure jars in driver settings.

Reason: can't load driver class 'oracle.jdbc.OracleDriver'
	at org.jkiss.dbeaver.registry.driver.DriverDescriptor.loadDriver(DriverDescriptor.java:1188)
	at org.jkiss.dbeaver.registry.driver.DriverDescriptor.loadDriver(DriverDescriptor.java:1122)
	at org.jkiss.dbeaver.registry.driver.DriverDescriptor.getDriverInstance(DriverDescriptor.java:675)
	at org.jkiss.dbeaver.model.impl.jdbc.JDBCDataSource.getDriverInstance(JDBCDataSource.java:682)
	at org.jkiss.dbeaver.model.impl.jdbc.JDBCDataSource.openConnection(JDBCDataSource.java:174)
	... 15 more
Caused by: java.lang.ClassNotFoundException: oracle.jdbc.OracleDriver
	at java.base/java.net.URLClassLoader.findClass(Unknown Source)
	at java.base/java.lang.ClassLoader.loadClass(Unknown Source)
	at java.base/java.lang.ClassLoader.loadClass(Unknown Source)
	at java.base/java.lang.Class.forName0(Native Method)
	at java.base/java.lang.Class.forName(Unknown Source)
	at org.jkiss.dbeaver.registry.driver.DriverDescriptor.loadDriver(DriverDescriptor.java:1186)
	... 19 more
2023-01-04 18:38:01.137 - org.jkiss.dbeaver.model.exec.DBCConnectException: Can't create driver instance
org.jkiss.dbeaver.model.exec.DBCConnectException: Can't create driver instance
	at org.jkiss.dbeaver.model.impl.jdbc.JDBCDataSource.openConnection(JDBCDataSource.java:176)
	at org.jkiss.dbeaver.ext.oracle.model.OracleDataSource.openConnection(OracleDataSource.java:172)
	at org.jkiss.dbeaver.model.impl.jdbc.JDBCExecutionContext.connect(JDBCExecutionContext.java:103)
	at org.jkiss.dbeaver.model.impl.jdbc.JDBCRemoteInstance.initializeMainContext(JDBCRemoteInstance.java:102)
	at org.jkiss.dbeaver.model.impl.jdbc.JDBCRemoteInstance.<init>(JDBCRemoteInstance.java:61)
	at org.jkiss.dbeaver.model.impl.jdbc.JDBCDataSource.initializeRemoteInstance(JDBCDataSource.java:128)
	at org.jkiss.dbeaver.model.impl.jdbc.JDBCDataSource.<init>(JDBCDataSource.java:106)
	at org.jkiss.dbeaver.model.impl.jdbc.JDBCDataSource.<init>(JDBCDataSource.java:97)
	at org.jkiss.dbeaver.ext.oracle.model.OracleDataSource.<init>(OracleDataSource.java:90)
	at org.jkiss.dbeaver.ext.oracle.OracleDataSourceProvider.openDataSource(OracleDataSourceProvider.java:147)
	at org.jkiss.dbeaver.registry.DataSourceDescriptor.openDataSource(DataSourceDescriptor.java:1159)
	at org.jkiss.dbeaver.registry.DataSourceDescriptor.connect(DataSourceDescriptor.java:1028)
	at org.jkiss.dbeaver.runtime.jobs.ConnectJob.run(ConnectJob.java:70)
	at org.jkiss.dbeaver.runtime.jobs.ConnectionTestJob.run(ConnectionTestJob.java:103)
	at org.jkiss.dbeaver.model.runtime.AbstractJob.run(AbstractJob.java:105)
	at org.eclipse.core.internal.jobs.Worker.run(Worker.java:63)
Caused by: org.jkiss.dbeaver.DBException: Error creating driver 'Oracle' instance.
Most likely required jar files are missing.
You should configure jars in driver settings.

Reason: can't load driver class 'oracle.jdbc.OracleDriver'
	at org.jkiss.dbeaver.registry.driver.DriverDescriptor.loadDriver(DriverDescriptor.java:1188)
	at org.jkiss.dbeaver.registry.driver.DriverDescriptor.loadDriver(DriverDescriptor.java:1122)
	at org.jkiss.dbeaver.registry.driver.DriverDescriptor.getDriverInstance(DriverDescriptor.java:675)
	at org.jkiss.dbeaver.model.impl.jdbc.JDBCDataSource.getDriverInstance(JDBCDataSource.java:682)
	at org.jkiss.dbeaver.model.impl.jdbc.JDBCDataSource.openConnection(JDBCDataSource.java:174)
	... 15 more
Caused by: java.lang.ClassNotFoundException: oracle.jdbc.OracleDriver
	at java.base/java.net.URLClassLoader.findClass(Unknown Source)
	at java.base/java.lang.ClassLoader.loadClass(Unknown Source)
	at java.base/java.lang.ClassLoader.loadClass(Unknown Source)
	at java.base/java.lang.Class.forName0(Native Method)
	at java.base/java.lang.Class.forName(Unknown Source)
	at org.jkiss.dbeaver.registry.driver.DriverDescriptor.loadDriver(DriverDescriptor.java:1186)
	... 19 more
2023-01-04 18:38:01.169 - Error creating driver 'Oracle' instance.
Most likely required jar files are missing.
You should configure jars in driver settings.

Reason: can't load driver class 'oracle.jdbc.OracleDriver'
org.jkiss.dbeaver.DBException: Error creating driver 'Oracle' instance.
Most likely required jar files are missing.
You should configure jars in driver settings.

Reason: can't load driver class 'oracle.jdbc.OracleDriver'
	at org.jkiss.dbeaver.registry.driver.DriverDescriptor.loadDriver(DriverDescriptor.java:1188)
	at org.jkiss.dbeaver.registry.driver.DriverDescriptor.loadDriver(DriverDescriptor.java:1122)
	at org.jkiss.dbeaver.registry.driver.DriverDescriptor.getDriverInstance(DriverDescriptor.java:675)
	at org.jkiss.dbeaver.model.impl.jdbc.JDBCDataSource.getDriverInstance(JDBCDataSource.java:682)
	at org.jkiss.dbeaver.model.impl.jdbc.JDBCDataSource.openConnection(JDBCDataSource.java:174)
	at org.jkiss.dbeaver.ext.oracle.model.OracleDataSource.openConnection(OracleDataSource.java:172)
	at org.jkiss.dbeaver.model.impl.jdbc.JDBCExecutionContext.connect(JDBCExecutionContext.java:103)
	at org.jkiss.dbeaver.model.impl.jdbc.JDBCRemoteInstance.initializeMainContext(JDBCRemoteInstance.java:102)
	at org.jkiss.dbeaver.model.impl.jdbc.JDBCRemoteInstance.<init>(JDBCRemoteInstance.java:61)
	at org.jkiss.dbeaver.model.impl.jdbc.JDBCDataSource.initializeRemoteInstance(JDBCDataSource.java:128)
	at org.jkiss.dbeaver.model.impl.jdbc.JDBCDataSource.<init>(JDBCDataSource.java:106)
	at org.jkiss.dbeaver.model.impl.jdbc.JDBCDataSource.<init>(JDBCDataSource.java:97)
	at org.jkiss.dbeaver.ext.oracle.model.OracleDataSource.<init>(OracleDataSource.java:90)
	at org.jkiss.dbeaver.ext.oracle.OracleDataSourceProvider.openDataSource(OracleDataSourceProvider.java:147)
	at org.jkiss.dbeaver.registry.DataSourceDescriptor.openDataSource(DataSourceDescriptor.java:1159)
	at org.jkiss.dbeaver.registry.DataSourceDescriptor.connect(DataSourceDescriptor.java:1028)
	at org.jkiss.dbeaver.runtime.jobs.ConnectJob.run(ConnectJob.java:70)
	at org.jkiss.dbeaver.runtime.jobs.ConnectionTestJob.run(ConnectionTestJob.java:103)
	at org.jkiss.dbeaver.model.runtime.AbstractJob.run(AbstractJob.java:105)
	at org.eclipse.core.internal.jobs.Worker.run(Worker.java:63)
Caused by: java.lang.ClassNotFoundException: oracle.jdbc.OracleDriver
	at java.base/java.net.URLClassLoader.findClass(Unknown Source)
	at java.base/java.lang.ClassLoader.loadClass(Unknown Source)
	at java.base/java.lang.ClassLoader.loadClass(Unknown Source)
	at java.base/java.lang.Class.forName0(Native Method)
	at java.base/java.lang.Class.forName(Unknown Source)
	at org.jkiss.dbeaver.registry.driver.DriverDescriptor.loadDriver(DriverDescriptor.java:1186)
	... 19 more
2023-01-04 18:39:49.822 - Connect with 'jdbc:oracle:thin:@//localhost:1521/XE' (oracle_thin-1857c26b59f-32eab6669e3baec3)
2023-01-04 18:39:49.822 - Execution context opened (jdbc:oracle:thin:@//localhost:1521/XE; Main; 1)
2023-01-04 18:39:50.468 - Connected (oracle_thin-1857c26b59f-32eab6669e3baec3, Oracle JDBC driver [11.2.0.2.0])
2023-01-04 18:39:50.526 - Execution context closed (jdbc:oracle:thin:@//localhost:1521/XE, 1)
2023-01-04 18:39:50.526 - Disconnected (oracle_thin-1857c26b59f-32eab6669e3baec3)
2023-01-05 07:31:24.466 - System suspend detected! Reinitialize all remote connections.
2023-01-05 17:52:05.500 - System suspend detected! Reinitialize all remote connections.
2023-01-05 19:12:16.625 - DBeaver is stopping
2023-01-05 19:12:16.626 - Stop RMI server
2023-01-05 19:12:16.628 - RMI controller has been stopped
2023-01-05 19:12:16.628 - DBeaver shutdown completed
