2023-01-06 17:21:06.064 - DBeaver 22.3.1.202212251901 is starting
2023-01-06 17:21:06.064 - OS: Windows 10 10.0 (amd64)
2023-01-06 17:21:06.064 - Java version: 11.0.12 by Eclipse Foundation (64bit)
2023-01-06 17:21:06.064 - Install path: 'C:\springframework_hds\resource\dbeaver-ce-22.3.1-win32.win32.x86_64\dbeaver'
2023-01-06 17:21:06.064 - Instance path: 'file:/C:/springframework_hds/workspace/script/'
2023-01-06 17:21:06.064 - Memory available 64Mb/1024Mb
2023-01-06 17:21:06.084 - Create display
2023-01-06 17:21:06.276 - Initializing DBeaver 22.3.1
2023-01-06 17:21:06.276 - Host plugin: org.jkiss.dbeaver.ui.app.standalone 22.3.1.202212251901
2023-01-06 17:21:06.276 - Initialize desktop platform...
2023-01-06 17:21:06.539 - BounceCastle bundle found. Use JCE provider BC
> Start Core File Systems [org.eclipse.core.filesystem 1.9.500.v20220817-1539]
> Start Core Resource Management [org.eclipse.core.resources 3.18.100.v20221025-2047]
> Start DBeaver UI Navigator [org.jkiss.dbeaver.ui.navigator 1.0.96.202212251901]
> Start 팀 지원 핵심 [org.eclipse.team.core 3.9.600.v20220902-2219]
2023-01-06 17:21:06.821 - Initialize base platform...
> Start Expression Language [org.eclipse.core.expressions 3.8.200.v20220613-1047]
2023-01-06 17:21:06.853 - Platform initialized (577ms)
> Start DBeaver UI Editors - Base [org.jkiss.dbeaver.ui.editors.base 1.0.96.202212251901]
2023-01-06 17:21:06.857 - Starting RMI server at 29429
2023-01-06 17:21:07.293 - Run workbench
> Start Eclipse e4 작업영역 SWT [org.eclipse.e4.ui.workbench.swt 0.16.700.v20221024-2137]
> Start Eclipse Application Services [org.eclipse.e4.core.services 2.3.400.v20220915-1347]
> Start Eclipse UI Application Services [org.eclipse.e4.ui.services 1.5.100.v20221024-2137]
> Start Eclipse e4 Progress View [org.eclipse.e4.ui.progress 0.3.600.v20221024-2137]
> Start EMF XML/XMI Persistence [org.eclipse.emf.ecore.xmi 2.17.0.v20220817-1334]
> Start Eclipse CSS SWT Theme Support [org.eclipse.e4.ui.css.swt.theme 0.13.200.v20221024-2137]
> Start Eclipse e4 작업영역 기능 추가 [org.eclipse.e4.ui.workbench.addons.swt 1.4.500.v20221028-0801]
> Start Eclipse e4 작업영역 SWT 렌더러 [org.eclipse.e4.ui.workbench.renderers.swt 0.15.700.v20221024-2137]
> Start Eclipse Bindings Support [org.eclipse.e4.ui.bindings 0.13.200.v20221024-2137]
> Start Eclipse Dependency Injection Extensions [org.eclipse.e4.core.di.extensions 0.17.200.v20220613-1008]
> Start Eclipse CSS SWT Support [org.eclipse.e4.ui.css.swt 0.14.700.v20221102-0748]
> Start DBeaver UI [org.jkiss.dbeaver.ui 5.1.111.202212251901]
> Start Java Native Access [com.sun.jna 5.12.1.v20221103-2317]
Warning: NLS unused message: BlockedJobsDialog_UserInterfaceTreeElement in: org.eclipse.ui.internal.progress.messages
2023-01-06 17:21:09.200 - Configure workbench window
> Start 도움말 시스템 코어 [org.eclipse.help 3.9.100.v20210721-0601]
2023-01-06 17:21:09.348 - Create actions
2023-01-06 17:21:09.365 - Disable Eclipse action set 'org.eclipse.ui.edit.text.actionSet.annotationNavigation'
2023-01-06 17:21:09.365 - Disable Eclipse action set 'org.eclipse.ui.WorkingSetActionSet'
2023-01-06 17:21:09.365 - Disable Eclipse action set 'org.eclipse.ui.actionSet.openFiles'
Warning: NLS unused message: actions_menu_reset_ui_settings_title in: org.jkiss.dbeaver.ui.app.standalone.internal.CoreApplicationMessages
Warning: NLS unused message: actions_menu_reset_ui_settings_message in: org.jkiss.dbeaver.ui.app.standalone.internal.CoreApplicationMessages
2023-01-06 17:21:10.076 - Initialize workbench window
2023-01-06 17:21:10.076 - Finish initialization
> Start 기본 문서 편집기 [org.eclipse.ui.editors 3.14.400.v20220730-1844]
> Start 텍스트 편집기 프레임워크 [org.eclipse.ui.workbench.texteditor 3.16.600.v20220809-1658]
> Start DBeaver UI Editors - Data [org.jkiss.dbeaver.ui.editors.data 1.0.96.202212251901]
> Start DBeaver SQL Model [org.jkiss.dbeaver.model.sql 1.0.86.202212251901]
Warning: NLS unused message: actions_navigator__objects in: org.jkiss.dbeaver.ui.editors.sql.internal.SQLEditorMessages
> Start DBeaver UI Editors - SQL [org.jkiss.dbeaver.ui.editors.sql 1.0.96.202212251901]
> Start 핵심 비교 지원 [org.eclipse.compare.core 3.7.100.v20220812-1406]
> Start Equinox Java Authentication and Authorization Service (JAAS) [org.eclipse.equinox.security 1.3.1000.v20220801-1135]
> Start 인터넷 연결 관리 사용자 인터페이스 [org.eclipse.ui.net 1.4.100.v20220812-1406]
> Start Internet Connection Management [org.eclipse.core.net 1.4.0.v20220813-1037]
> Start DBeaver Sample Database [org.jkiss.dbeaver.ext.sample.database 1.0.133.202212251901]
> Start DBeaver Tip of the day [org.jkiss.dbeaver.ext.ui.tipoftheday 1.0.102.202212251901]
> Start Draw2d [org.eclipse.draw2dl 3.12.100.20221221122425]
> Start GEF3 GEF (MVC) [org.eclipse.gef3 3.12.100.20221221122425]
> Start DBeaver ERD UI [org.jkiss.dbeaver.erd.ui 3.0.56.202212251901]
> Start DBeaver ERD Model [org.jkiss.dbeaver.erd.model 1.0.56.202212251901]
2023-01-06 17:21:13.836 - Total database drivers: 101 (101)
> Start 콘솔 [org.eclipse.ui.console 3.11.400.v20221012-0524]
Warning: NLS unused message: InputStreamMonitor_label in: org.eclipse.debug.internal.core.DebugCoreMessages
Warning: NLS unused message: OutputStreamMonitor_label in: org.eclipse.debug.internal.core.DebugCoreMessages
> Start 디버그 핵심 [org.eclipse.debug.core 3.20.0.v20220811-0741]
Warning: NLS unused message: pref_page_database_resultsets_group_image in: org.jkiss.dbeaver.ui.editors.data.internal.DataEditorsResources
2023-01-06 17:21:14.422 - Connect with 'localhost' (oracle_thin-1857c2459b7-3cc382f6d0116fa0)
> Start DBeaver Oracle Support [org.jkiss.dbeaver.ext.oracle 2.1.181.202212251901]
2023-01-06 17:21:14.469 - Execution context opened (localhost; Main; 0)
2023-01-06 17:21:15.545 - Execution context opened (localhost; Metadata; 1)
2023-01-06 17:21:15.693 - Connected (oracle_thin-1857c2459b7-3cc382f6d0116fa0, Oracle JDBC driver [11.2.0.2.0])
2023-01-06 17:21:15.706 - Execution context opened (localhost; SQLEditor <MyBatisTest.sql>; 2)
2023-01-06 17:22:07.909 - SQL Error [1] [23000]: ORA-00001: unique constraint (HR.SYS_C006997) violated

org.jkiss.dbeaver.model.sql.DBSQLException: SQL Error [1] [23000]: ORA-00001: unique constraint (HR.SYS_C006997) violated

	at org.jkiss.dbeaver.model.impl.jdbc.exec.JDBCStatementImpl.executeStatement(JDBCStatementImpl.java:133)
	at org.jkiss.dbeaver.ui.editors.sql.execute.SQLQueryJob.executeStatement(SQLQueryJob.java:582)
	at org.jkiss.dbeaver.ui.editors.sql.execute.SQLQueryJob.lambda$1(SQLQueryJob.java:491)
	at org.jkiss.dbeaver.ui.editors.sql.execute.SQLQueryJob.executeSingleQuery(SQLQueryJob.java:501)
	at org.jkiss.dbeaver.ui.editors.sql.execute.SQLQueryJob.extractData(SQLQueryJob.java:917)
	at org.jkiss.dbeaver.ui.editors.sql.SQLEditor$QueryResultsContainer.readData(SQLEditor.java:3794)
	at org.jkiss.dbeaver.ui.controls.resultset.ResultSetJobDataRead.lambda$0(ResultSetJobDataRead.java:123)
	at org.jkiss.dbeaver.model.exec.DBExecUtils.tryExecuteRecover(DBExecUtils.java:173)
	at org.jkiss.dbeaver.ui.controls.resultset.ResultSetJobDataRead.run(ResultSetJobDataRead.java:121)
	at org.jkiss.dbeaver.ui.controls.resultset.ResultSetViewer$ResultSetDataPumpJob.run(ResultSetViewer.java:5062)
	at org.jkiss.dbeaver.model.runtime.AbstractJob.run(AbstractJob.java:105)
	at org.eclipse.core.internal.jobs.Worker.run(Worker.java:63)
Caused by: java.sql.SQLIntegrityConstraintViolationException: ORA-00001: unique constraint (HR.SYS_C006997) violated

	at oracle.jdbc.driver.T4CTTIoer.processError(T4CTTIoer.java:440)
	at oracle.jdbc.driver.T4CTTIoer.processError(T4CTTIoer.java:396)
	at oracle.jdbc.driver.T4C8Oall.processError(T4C8Oall.java:837)
	at oracle.jdbc.driver.T4CTTIfun.receive(T4CTTIfun.java:445)
	at oracle.jdbc.driver.T4CTTIfun.doRPC(T4CTTIfun.java:191)
	at oracle.jdbc.driver.T4C8Oall.doOALL(T4C8Oall.java:523)
	at oracle.jdbc.driver.T4CStatement.doOall8(T4CStatement.java:193)
	at oracle.jdbc.driver.T4CStatement.executeForRows(T4CStatement.java:999)
	at oracle.jdbc.driver.OracleStatement.doExecuteWithTimeout(OracleStatement.java:1315)
	at oracle.jdbc.driver.OracleStatement.executeInternal(OracleStatement.java:1890)
	at oracle.jdbc.driver.OracleStatement.execute(OracleStatement.java:1855)
	at oracle.jdbc.driver.OracleStatementWrapper.execute(OracleStatementWrapper.java:304)
	at org.jkiss.dbeaver.model.impl.jdbc.exec.JDBCStatementImpl.execute(JDBCStatementImpl.java:329)
	at org.jkiss.dbeaver.model.impl.jdbc.exec.JDBCStatementImpl.lambda$0(JDBCStatementImpl.java:131)
	at org.jkiss.dbeaver.utils.SecurityManagerUtils.wrapDriverActions(SecurityManagerUtils.java:96)
	at org.jkiss.dbeaver.model.impl.jdbc.exec.JDBCStatementImpl.executeStatement(JDBCStatementImpl.java:131)
	... 11 more
> Start Equinox Provisioning Metadata [org.eclipse.equinox.p2.metadata 2.6.300.v20220817-1208]
2023-01-06 17:26:35.546 - Execution context closed (localhost, 2)
2023-01-06 17:26:35.702 - DBeaver is stopping
2023-01-06 17:26:35.702 - Stop RMI server
2023-01-06 17:26:35.704 - RMI controller has been stopped
2023-01-06 17:26:35.705 - DBeaver shutdown completed
